--------------- Build Started: 04/24/2018 09:16:29 Project: PSoC_Grbl, Configuration: ARM GCC 5.4-2016-q2-update Debug ---------------
The code generation step is up to date.
arm-none-eabi-gcc.exe -mcpu=cortex-m3 -mthumb -I. -IGenerated_Source\PSoC5 -Wa,-alh=.\CortexM3\ARM_GCC_541\Debug/main.lst -g -D DEBUG -Wall -ffunction-sections -ffat-lto-objects -Og -c main.c -o .\CortexM3\ARM_GCC_541\Debug\main.o
arm-none-eabi-gcc.exe -mcpu=cortex-m3 -mthumb -I. -IGenerated_Source\PSoC5 -Wa,-alh=.\CortexM3\ARM_GCC_541\Debug/lcd_report.lst -g -D DEBUG -Wall -ffunction-sections -ffat-lto-objects -Og -c lcd_report.c -o .\CortexM3\ARM_GCC_541\Debug\lcd_report.o
arm-none-eabi-gcc.exe -mcpu=cortex-m3 -mthumb -I. -IGenerated_Source\PSoC5 -Wa,-alh=.\CortexM3\ARM_GCC_541\Debug/serial.lst -g -D DEBUG -Wall -ffunction-sections -ffat-lto-objects -Og -c serial.c -o .\CortexM3\ARM_GCC_541\Debug\serial.o
arm-none-eabi-gcc.exe -mcpu=cortex-m3 -mthumb -I. -IGenerated_Source\PSoC5 -Wa,-alh=.\CortexM3\ARM_GCC_541\Debug/report.lst -g -D DEBUG -Wall -ffunction-sections -ffat-lto-objects -Og -c report.c -o .\CortexM3\ARM_GCC_541\Debug\report.o
arm-none-eabi-gcc.exe -mcpu=cortex-m3 -mthumb -I. -IGenerated_Source\PSoC5 -Wa,-alh=.\CortexM3\ARM_GCC_541\Debug/settings.lst -g -D DEBUG -Wall -ffunction-sections -ffat-lto-objects -Og -c settings.c -o .\CortexM3\ARM_GCC_541\Debug\settings.o
arm-none-eabi-gcc.exe -mcpu=cortex-m3 -mthumb -I. -IGenerated_Source\PSoC5 -Wa,-alh=.\CortexM3\ARM_GCC_541\Debug/eeprom.lst -g -D DEBUG -Wall -ffunction-sections -ffat-lto-objects -Og -c eeprom.c -o .\CortexM3\ARM_GCC_541\Debug\eeprom.o
arm-none-eabi-gcc.exe -mcpu=cortex-m3 -mthumb -I. -IGenerated_Source\PSoC5 -Wa,-alh=.\CortexM3\ARM_GCC_541\Debug/coolant_control.lst -g -D DEBUG -Wall -ffunction-sections -ffat-lto-objects -Og -c coolant_control.c -o .\CortexM3\ARM_GCC_541\Debug\coolant_control.o
arm-none-eabi-gcc.exe -mcpu=cortex-m3 -mthumb -I. -IGenerated_Source\PSoC5 -Wa,-alh=.\CortexM3\ARM_GCC_541\Debug/gcode.lst -g -D DEBUG -Wall -ffunction-sections -ffat-lto-objects -Og -c gcode.c -o .\CortexM3\ARM_GCC_541\Debug\gcode.o
arm-none-eabi-gcc.exe -mcpu=cortex-m3 -mthumb -I. -IGenerated_Source\PSoC5 -Wa,-alh=.\CortexM3\ARM_GCC_541\Debug/limits.lst -g -D DEBUG -Wall -ffunction-sections -ffat-lto-objects -Og -c limits.c -o .\CortexM3\ARM_GCC_541\Debug\limits.o
arm-none-eabi-gcc.exe -mcpu=cortex-m3 -mthumb -I. -IGenerated_Source\PSoC5 -Wa,-alh=.\CortexM3\ARM_GCC_541\Debug/nut_bolts.lst -g -D DEBUG -Wall -ffunction-sections -ffat-lto-objects -Og -c nut_bolts.c -o .\CortexM3\ARM_GCC_541\Debug\nut_bolts.o
arm-none-eabi-gcc.exe -mcpu=cortex-m3 -mthumb -I. -IGenerated_Source\PSoC5 -Wa,-alh=.\CortexM3\ARM_GCC_541\Debug/planner.lst -g -D DEBUG -Wall -ffunction-sections -ffat-lto-objects -Og -c planner.c -o .\CortexM3\ARM_GCC_541\Debug\planner.o
arm-none-eabi-gcc.exe -mcpu=cortex-m3 -mthumb -I. -IGenerated_Source\PSoC5 -Wa,-alh=.\CortexM3\ARM_GCC_541\Debug/print.lst -g -D DEBUG -Wall -ffunction-sections -ffat-lto-objects -Og -c print.c -o .\CortexM3\ARM_GCC_541\Debug\print.o
arm-none-eabi-gcc.exe -mcpu=cortex-m3 -mthumb -I. -IGenerated_Source\PSoC5 -Wa,-alh=.\CortexM3\ARM_GCC_541\Debug/probe.lst -g -D DEBUG -Wall -ffunction-sections -ffat-lto-objects -Og -c probe.c -o .\CortexM3\ARM_GCC_541\Debug\probe.o
arm-none-eabi-gcc.exe -mcpu=cortex-m3 -mthumb -I. -IGenerated_Source\PSoC5 -Wa,-alh=.\CortexM3\ARM_GCC_541\Debug/protocol.lst -g -D DEBUG -Wall -ffunction-sections -ffat-lto-objects -Og -c protocol.c -o .\CortexM3\ARM_GCC_541\Debug\protocol.o
arm-none-eabi-gcc.exe -mcpu=cortex-m3 -mthumb -I. -IGenerated_Source\PSoC5 -Wa,-alh=.\CortexM3\ARM_GCC_541\Debug/spindle_control.lst -g -D DEBUG -Wall -ffunction-sections -ffat-lto-objects -Og -c spindle_control.c -o .\CortexM3\ARM_GCC_541\Debug\spindle_control.o
arm-none-eabi-gcc.exe -mcpu=cortex-m3 -mthumb -I. -IGenerated_Source\PSoC5 -Wa,-alh=.\CortexM3\ARM_GCC_541\Debug/stepper.lst -g -D DEBUG -Wall -ffunction-sections -ffat-lto-objects -Og -c stepper.c -o .\CortexM3\ARM_GCC_541\Debug\stepper.o
arm-none-eabi-gcc.exe -mcpu=cortex-m3 -mthumb -I. -IGenerated_Source\PSoC5 -Wa,-alh=.\CortexM3\ARM_GCC_541\Debug/system.lst -g -D DEBUG -Wall -ffunction-sections -ffat-lto-objects -Og -c system.c -o .\CortexM3\ARM_GCC_541\Debug\system.o
arm-none-eabi-gcc.exe -mcpu=cortex-m3 -mthumb -I. -IGenerated_Source\PSoC5 -Wa,-alh=.\CortexM3\ARM_GCC_541\Debug/motion_control.lst -g -D DEBUG -Wall -ffunction-sections -ffat-lto-objects -Og -c motion_control.c -o .\CortexM3\ARM_GCC_541\Debug\motion_control.o
arm-none-eabi-gcc.exe -mcpu=cortex-m3 -mthumb -I. -IGenerated_Source\PSoC5 -Wa,-alh=.\CortexM3\ARM_GCC_541\Debug/jog.lst -g -D DEBUG -Wall -ffunction-sections -ffat-lto-objects -Og -c jog.c -o .\CortexM3\ARM_GCC_541\Debug\jog.o
arm-none-eabi-gcc.exe -mcpu=cortex-m3 -mthumb -I. -IGenerated_Source\PSoC5 -Wa,-alh=.\CortexM3\ARM_GCC_541\Debug/servo.lst -g -D DEBUG -Wall -ffunction-sections -ffat-lto-objects -Og -c servo.c -o .\CortexM3\ARM_GCC_541\Debug\servo.o
arm-none-eabi-gcc.exe -mcpu=cortex-m3 -mthumb -I. -IGenerated_Source\PSoC5 -Wa,-alh=.\CortexM3\ARM_GCC_541\Debug/cyfitter_cfg.lst -g -D DEBUG -Wall -ffunction-sections -ffat-lto-objects -Og -c Generated_Source\PSoC5\cyfitter_cfg.c -o .\CortexM3\ARM_GCC_541\Debug\cyfitter_cfg.o
arm-none-eabi-gcc.exe -mcpu=cortex-m3 -mthumb -I. -IGenerated_Source\PSoC5 -Wa,-alh=.\CortexM3\ARM_GCC_541\Debug/LCD.lst -g -D DEBUG -Wall -ffunction-sections -ffat-lto-objects -Og -c Generated_Source\PSoC5\LCD.c -o .\CortexM3\ARM_GCC_541\Debug\LCD.o
arm-none-eabi-gcc.exe -mcpu=cortex-m3 -mthumb -I. -IGenerated_Source\PSoC5 -Wa,-alh=.\CortexM3\ARM_GCC_541\Debug/Cm3Start.lst -g -D DEBUG -Wall -ffunction-sections -ffat-lto-objects -Og -c Generated_Source\PSoC5\Cm3Start.c -o .\CortexM3\ARM_GCC_541\Debug\Cm3Start.o
arm-none-eabi-gcc.exe -mcpu=cortex-m3 -mthumb -I. -IGenerated_Source\PSoC5 -Wa,-alh=.\CortexM3\ARM_GCC_541\Debug/CyDmac.lst -g -D DEBUG -Wall -ffunction-sections -ffat-lto-objects -Og -c Generated_Source\PSoC5\CyDmac.c -o .\CortexM3\ARM_GCC_541\Debug\CyDmac.o
arm-none-eabi-gcc.exe -mcpu=cortex-m3 -mthumb -I. -IGenerated_Source\PSoC5 -Wa,-alh=.\CortexM3\ARM_GCC_541\Debug/CyFlash.lst -g -D DEBUG -Wall -ffunction-sections -ffat-lto-objects -Og -c Generated_Source\PSoC5\CyFlash.c -o .\CortexM3\ARM_GCC_541\Debug\CyFlash.o
arm-none-eabi-gcc.exe -mcpu=cortex-m3 -mthumb -I. -IGenerated_Source\PSoC5 -Wa,-alh=.\CortexM3\ARM_GCC_541\Debug/CyLib.lst -g -D DEBUG -Wall -ffunction-sections -ffat-lto-objects -Og -c Generated_Source\PSoC5\CyLib.c -o .\CortexM3\ARM_GCC_541\Debug\CyLib.o
arm-none-eabi-gcc.exe -mcpu=cortex-m3 -mthumb -I. -IGenerated_Source\PSoC5 -Wa,-alh=.\CortexM3\ARM_GCC_541\Debug/cyPm.lst -g -D DEBUG -Wall -ffunction-sections -ffat-lto-objects -Og -c Generated_Source\PSoC5\cyPm.c -o .\CortexM3\ARM_GCC_541\Debug\cyPm.o
arm-none-eabi-gcc.exe -mcpu=cortex-m3 -mthumb -I. -IGenerated_Source\PSoC5 -Wa,-alh=.\CortexM3\ARM_GCC_541\Debug/CySpc.lst -g -D DEBUG -Wall -ffunction-sections -ffat-lto-objects -Og -c Generated_Source\PSoC5\CySpc.c -o .\CortexM3\ARM_GCC_541\Debug\CySpc.o
arm-none-eabi-gcc.exe -mcpu=cortex-m3 -mthumb -I. -IGenerated_Source\PSoC5 -Wa,-alh=.\CortexM3\ARM_GCC_541\Debug/UART.lst -g -D DEBUG -Wall -ffunction-sections -ffat-lto-objects -Og -c Generated_Source\PSoC5\UART.c -o .\CortexM3\ARM_GCC_541\Debug\UART.o
arm-none-eabi-gcc.exe -mcpu=cortex-m3 -mthumb -I. -IGenerated_Source\PSoC5 -Wa,-alh=.\CortexM3\ARM_GCC_541\Debug/UART_PM.lst -g -D DEBUG -Wall -ffunction-sections -ffat-lto-objects -Og -c Generated_Source\PSoC5\UART_PM.c -o .\CortexM3\ARM_GCC_541\Debug\UART_PM.o
arm-none-eabi-gcc.exe -mcpu=cortex-m3 -mthumb -I. -IGenerated_Source\PSoC5 -Wa,-alh=.\CortexM3\ARM_GCC_541\Debug/UART_INT.lst -g -D DEBUG -Wall -ffunction-sections -ffat-lto-objects -Og -c Generated_Source\PSoC5\UART_INT.c -o .\CortexM3\ARM_GCC_541\Debug\UART_INT.o
arm-none-eabi-gcc.exe -mcpu=cortex-m3 -mthumb -I. -IGenerated_Source\PSoC5 -Wa,-alh=.\CortexM3\ARM_GCC_541\Debug/UART_BOOT.lst -g -D DEBUG -Wall -ffunction-sections -ffat-lto-objects -Og -c Generated_Source\PSoC5\UART_BOOT.c -o .\CortexM3\ARM_GCC_541\Debug\UART_BOOT.o
arm-none-eabi-gcc.exe -mcpu=cortex-m3 -mthumb -I. -IGenerated_Source\PSoC5 -Wa,-alh=.\CortexM3\ARM_GCC_541\Debug/isr_UART_Rx.lst -g -D DEBUG -Wall -ffunction-sections -ffat-lto-objects -Og -c Generated_Source\PSoC5\isr_UART_Rx.c -o .\CortexM3\ARM_GCC_541\Debug\isr_UART_Rx.o
arm-none-eabi-gcc.exe -mcpu=cortex-m3 -mthumb -I. -IGenerated_Source\PSoC5 -Wa,-alh=.\CortexM3\ARM_GCC_541\Debug/EEPROM_PSoC.lst -g -D DEBUG -Wall -ffunction-sections -ffat-lto-objects -Og -c Generated_Source\PSoC5\EEPROM_PSoC.c -o .\CortexM3\ARM_GCC_541\Debug\EEPROM_PSoC.o
arm-none-eabi-gcc.exe -mcpu=cortex-m3 -mthumb -I. -IGenerated_Source\PSoC5 -Wa,-alh=.\CortexM3\ARM_GCC_541\Debug/isr_Limits.lst -g -D DEBUG -Wall -ffunction-sections -ffat-lto-objects -Og -c Generated_Source\PSoC5\isr_Limits.c -o .\CortexM3\ARM_GCC_541\Debug\isr_Limits.o
arm-none-eabi-gcc.exe -mcpu=cortex-m3 -mthumb -I. -IGenerated_Source\PSoC5 -Wa,-alh=.\CortexM3\ARM_GCC_541\Debug/isr_Control.lst -g -D DEBUG -Wall -ffunction-sections -ffat-lto-objects -Og -c Generated_Source\PSoC5\isr_Control.c -o .\CortexM3\ARM_GCC_541\Debug\isr_Control.o
arm-none-eabi-gcc.exe -mcpu=cortex-m3 -mthumb -I. -IGenerated_Source\PSoC5 -Wa,-alh=.\CortexM3\ARM_GCC_541\Debug/Status_Control.lst -g -D DEBUG -Wall -ffunction-sections -ffat-lto-objects -Og -c Generated_Source\PSoC5\Status_Control.c -o .\CortexM3\ARM_GCC_541\Debug\Status_Control.o
arm-none-eabi-gcc.exe -mcpu=cortex-m3 -mthumb -I. -IGenerated_Source\PSoC5 -Wa,-alh=.\CortexM3\ARM_GCC_541\Debug/Status_Limit.lst -g -D DEBUG -Wall -ffunction-sections -ffat-lto-objects -Og -c Generated_Source\PSoC5\Status_Limit.c -o .\CortexM3\ARM_GCC_541\Debug\Status_Limit.o
arm-none-eabi-gcc.exe -mcpu=cortex-m3 -mthumb -I. -IGenerated_Source\PSoC5 -Wa,-alh=.\CortexM3\ARM_GCC_541\Debug/Status_Probe.lst -g -D DEBUG -Wall -ffunction-sections -ffat-lto-objects -Og -c Generated_Source\PSoC5\Status_Probe.c -o .\CortexM3\ARM_GCC_541\Debug\Status_Probe.o
arm-none-eabi-gcc.exe -mcpu=cortex-m3 -mthumb -I. -IGenerated_Source\PSoC5 -Wa,-alh=.\CortexM3\ARM_GCC_541\Debug/isr_Probe.lst -g -D DEBUG -Wall -ffunction-sections -ffat-lto-objects -Og -c Generated_Source\PSoC5\isr_Probe.c -o .\CortexM3\ARM_GCC_541\Debug\isr_Probe.o
arm-none-eabi-gcc.exe -mcpu=cortex-m3 -mthumb -I. -IGenerated_Source\PSoC5 -Wa,-alh=.\CortexM3\ARM_GCC_541\Debug/PWM_Spindle.lst -g -D DEBUG -Wall -ffunction-sections -ffat-lto-objects -Og -c Generated_Source\PSoC5\PWM_Spindle.c -o .\CortexM3\ARM_GCC_541\Debug\PWM_Spindle.o
arm-none-eabi-gcc.exe -mcpu=cortex-m3 -mthumb -I. -IGenerated_Source\PSoC5 -Wa,-alh=.\CortexM3\ARM_GCC_541\Debug/PWM_Spindle_PM.lst -g -D DEBUG -Wall -ffunction-sections -ffat-lto-objects -Og -c Generated_Source\PSoC5\PWM_Spindle_PM.c -o .\CortexM3\ARM_GCC_541\Debug\PWM_Spindle_PM.o
arm-none-eabi-gcc.exe -mcpu=cortex-m3 -mthumb -I. -IGenerated_Source\PSoC5 -Wa,-alh=.\CortexM3\ARM_GCC_541\Debug/Stepper_Timer.lst -g -D DEBUG -Wall -ffunction-sections -ffat-lto-objects -Og -c Generated_Source\PSoC5\Stepper_Timer.c -o .\CortexM3\ARM_GCC_541\Debug\Stepper_Timer.o
arm-none-eabi-gcc.exe -mcpu=cortex-m3 -mthumb -I. -IGenerated_Source\PSoC5 -Wa,-alh=.\CortexM3\ARM_GCC_541\Debug/Stepper_Timer_PM.lst -g -D DEBUG -Wall -ffunction-sections -ffat-lto-objects -Og -c Generated_Source\PSoC5\Stepper_Timer_PM.c -o .\CortexM3\ARM_GCC_541\Debug\Stepper_Timer_PM.o
arm-none-eabi-gcc.exe -mcpu=cortex-m3 -mthumb -I. -IGenerated_Source\PSoC5 -Wa,-alh=.\CortexM3\ARM_GCC_541\Debug/isr_Step.lst -g -D DEBUG -Wall -ffunction-sections -ffat-lto-objects -Og -c Generated_Source\PSoC5\isr_Step.c -o .\CortexM3\ARM_GCC_541\Debug\isr_Step.o
arm-none-eabi-gcc.exe -mcpu=cortex-m3 -mthumb -I. -IGenerated_Source\PSoC5 -Wa,-alh=.\CortexM3\ARM_GCC_541\Debug/isr_LCD_Update.lst -g -D DEBUG -Wall -ffunction-sections -ffat-lto-objects -Og -c Generated_Source\PSoC5\isr_LCD_Update.c -o .\CortexM3\ARM_GCC_541\Debug\isr_LCD_Update.o
arm-none-eabi-gcc.exe -mcpu=cortex-m3 -mthumb -I. -IGenerated_Source\PSoC5 -Wa,-alh=.\CortexM3\ARM_GCC_541\Debug/QuadDec.lst -g -D DEBUG -Wall -ffunction-sections -ffat-lto-objects -Og -c Generated_Source\PSoC5\QuadDec.c -o .\CortexM3\ARM_GCC_541\Debug\QuadDec.o
arm-none-eabi-gcc.exe -mcpu=cortex-m3 -mthumb -I. -IGenerated_Source\PSoC5 -Wa,-alh=.\CortexM3\ARM_GCC_541\Debug/QuadDec_PM.lst -g -D DEBUG -Wall -ffunction-sections -ffat-lto-objects -Og -c Generated_Source\PSoC5\QuadDec_PM.c -o .\CortexM3\ARM_GCC_541\Debug\QuadDec_PM.o
arm-none-eabi-gcc.exe -mcpu=cortex-m3 -mthumb -I. -IGenerated_Source\PSoC5 -Wa,-alh=.\CortexM3\ARM_GCC_541\Debug/QuadDec_Cnt16.lst -g -D DEBUG -Wall -ffunction-sections -ffat-lto-objects -Og -c Generated_Source\PSoC5\QuadDec_Cnt16.c -o .\CortexM3\ARM_GCC_541\Debug\QuadDec_Cnt16.o
arm-none-eabi-gcc.exe -mcpu=cortex-m3 -mthumb -I. -IGenerated_Source\PSoC5 -Wa,-alh=.\CortexM3\ARM_GCC_541\Debug/QuadDec_Cnt16_PM.lst -g -D DEBUG -Wall -ffunction-sections -ffat-lto-objects -Og -c Generated_Source\PSoC5\QuadDec_Cnt16_PM.c -o .\CortexM3\ARM_GCC_541\Debug\QuadDec_Cnt16_PM.o
arm-none-eabi-gcc.exe -mcpu=cortex-m3 -mthumb -I. -IGenerated_Source\PSoC5 -Wa,-alh=.\CortexM3\ARM_GCC_541\Debug/isr_Enc_Sw.lst -g -D DEBUG -Wall -ffunction-sections -ffat-lto-objects -Og -c Generated_Source\PSoC5\isr_Enc_Sw.c -o .\CortexM3\ARM_GCC_541\Debug\isr_Enc_Sw.o
arm-none-eabi-gcc.exe -mcpu=cortex-m3 -mthumb -I. -IGenerated_Source\PSoC5 -Wa,-alh=.\CortexM3\ARM_GCC_541\Debug/cy_em_eeprom.lst -g -D DEBUG -Wall -ffunction-sections -ffat-lto-objects -Og -c Generated_Source\PSoC5\cy_em_eeprom.c -o .\CortexM3\ARM_GCC_541\Debug\cy_em_eeprom.o
arm-none-eabi-gcc.exe -mcpu=cortex-m3 -mthumb -I. -IGenerated_Source\PSoC5 -Wa,-alh=.\CortexM3\ARM_GCC_541\Debug/PWM_Servo_A.lst -g -D DEBUG -Wall -ffunction-sections -ffat-lto-objects -Og -c Generated_Source\PSoC5\PWM_Servo_A.c -o .\CortexM3\ARM_GCC_541\Debug\PWM_Servo_A.o
arm-none-eabi-gcc.exe -mcpu=cortex-m3 -mthumb -I. -IGenerated_Source\PSoC5 -Wa,-alh=.\CortexM3\ARM_GCC_541\Debug/PWM_Servo_A_PM.lst -g -D DEBUG -Wall -ffunction-sections -ffat-lto-objects -Og -c Generated_Source\PSoC5\PWM_Servo_A_PM.c -o .\CortexM3\ARM_GCC_541\Debug\PWM_Servo_A_PM.o
arm-none-eabi-ar.exe -rs .\CortexM3\ARM_GCC_541\Debug\PSoC_Grbl.a .\CortexM3\ARM_GCC_541\Debug\LCD.o .\CortexM3\ARM_GCC_541\Debug\LCD_PM.o .\CortexM3\ARM_GCC_541\Debug\LCD_CustChars.o .\CortexM3\ARM_GCC_541\Debug\LCD_LCDPort.o .\CortexM3\ARM_GCC_541\Debug\CyDmac.o .\CortexM3\ARM_GCC_541\Debug\CyFlash.o .\CortexM3\ARM_GCC_541\Debug\CyLib.o .\CortexM3\ARM_GCC_541\Debug\cyPm.o .\CortexM3\ARM_GCC_541\Debug\CySpc.o .\CortexM3\ARM_GCC_541\Debug\cyutils.o .\CortexM3\ARM_GCC_541\Debug\UART.o .\CortexM3\ARM_GCC_541\Debug\UART_PM.o .\CortexM3\ARM_GCC_541\Debug\UART_INT.o .\CortexM3\ARM_GCC_541\Debug\UART_BOOT.o .\CortexM3\ARM_GCC_541\Debug\isr_UART_Rx.o .\CortexM3\ARM_GCC_541\Debug\UART_IntClock.o .\CortexM3\ARM_GCC_541\Debug\EEPROM_PSoC.o .\CortexM3\ARM_GCC_541\Debug\Control_Reg_Step.o .\CortexM3\ARM_GCC_541\Debug\Control_Reg_Step_PM.o .\CortexM3\ARM_GCC_541\Debug\Clock_Step_Pulse.o .\CortexM3\ARM_GCC_541\Debug\Control_Reg_Dir.o .\CortexM3\ARM_GCC_541\Debug\Control_Reg_Dir_PM.o .\CortexM3\ARM_GCC_541\Debug\Stepper_Enable_Pin.o .\CortexM3\ARM_GCC_541\Debug\isr_Limits.o .\CortexM3\ARM_GCC_541\Debug\Probe_Pin.o .\CortexM3\ARM_GCC_541\Debug\Control_Pin.o .\CortexM3\ARM_GCC_541\Debug\isr_Control.o .\CortexM3\ARM_GCC_541\Debug\Status_Control.o .\CortexM3\ARM_GCC_541\Debug\Status_Limit.o .\CortexM3\ARM_GCC_541\Debug\Status_Probe.o .\CortexM3\ARM_GCC_541\Debug\isr_Probe.o .\CortexM3\ARM_GCC_541\Debug\Control_Step_Enable.o .\CortexM3\ARM_GCC_541\Debug\Control_Step_Enable_PM.o .\CortexM3\ARM_GCC_541\Debug\Pin_Step_X.o .\CortexM3\ARM_GCC_541\Debug\Pin_Step_Y.o .\CortexM3\ARM_GCC_541\Debug\Pin_Step_Z.o .\CortexM3\ARM_GCC_541\Debug\Pin_Dir_X.o .\CortexM3\ARM_GCC_541\Debug\Pin_Dir_Y.o .\CortexM3\ARM_GCC_541\Debug\Pin_Dir_Z.o .\CortexM3\ARM_GCC_541\Debug\PWM_Spindle.o .\CortexM3\ARM_GCC_541\Debug\PWM_Spindle_PM.o .\CortexM3\ARM_GCC_541\Debug\Clock_1.o .\CortexM3\ARM_GCC_541\Debug\Pin_Spindle.o .\CortexM3\ARM_GCC_541\Debug\Pin_Spindle_Direction.o .\CortexM3\ARM_GCC_541\Debug\Pin_Spindle_Enable.o .\CortexM3\ARM_GCC_541\Debug\Stepper_Timer.o .\CortexM3\ARM_GCC_541\Debug\Stepper_Timer_PM.o .\CortexM3\ARM_GCC_541\Debug\isr_Step.o .\CortexM3\ARM_GCC_541\Debug\Clock_LCD_Update.o .\CortexM3\ARM_GCC_541\Debug\isr_LCD_Update.o .\CortexM3\ARM_GCC_541\Debug\Flood_Coolant_Pin.o .\CortexM3\ARM_GCC_541\Debug\Mist_Coolant_Pin.o .\CortexM3\ARM_GCC_541\Debug\QuadDec.o .\CortexM3\ARM_GCC_541\Debug\QuadDec_PM.o .\CortexM3\ARM_GCC_541\Debug\Pin_Quad_A.o .\CortexM3\ARM_GCC_541\Debug\Pin_Quad_B.o .\CortexM3\ARM_GCC_541\Debug\QuadDec_Cnt16.o .\CortexM3\ARM_GCC_541\Debug\QuadDec_Cnt16_PM.o .\CortexM3\ARM_GCC_541\Debug\Pin_Encoder_Sw.o .\CortexM3\ARM_GCC_541\Debug\Clock_Sw_DB.o .\CortexM3\ARM_GCC_541\Debug\isr_Enc_Sw.o .\CortexM3\ARM_GCC_541\Debug\Pin_X_Lim.o .\CortexM3\ARM_GCC_541\Debug\Pin_Y_Lim.o .\CortexM3\ARM_GCC_541\Debug\Pin_Z_Lim.o .\CortexM3\ARM_GCC_541\Debug\Clock_Lim_DB.o .\CortexM3\ARM_GCC_541\Debug\Pin_Dir_A.o .\CortexM3\ARM_GCC_541\Debug\Pin_Step_A.o .\CortexM3\ARM_GCC_541\Debug\Pin_A_Lim.o .\CortexM3\ARM_GCC_541\Debug\Clock_3.o .\CortexM3\ARM_GCC_541\Debug\cy_em_eeprom.o .\CortexM3\ARM_GCC_541\Debug\PWM_Servo_A.o .\CortexM3\ARM_GCC_541\Debug\PWM_Servo_A_PM.o .\CortexM3\ARM_GCC_541\Debug\Pin_Servo_A.o .\CortexM3\ARM_GCC_541\Debug\CyBootAsmGnu.o
arm-none-eabi-ar.exe: creating .\CortexM3\ARM_GCC_541\Debug\PSoC_Grbl.a
arm-none-eabi-gcc.exe -Wl,--start-group -o C:\Users\barto\Dropbox\PSoC\PSoc_Grbl_2018\PSoC_Grbl.cydsn\CortexM3\ARM_GCC_541\Debug\PSoC_Grbl.elf .\CortexM3\ARM_GCC_541\Debug\main.o .\CortexM3\ARM_GCC_541\Debug\lcd_report.o .\CortexM3\ARM_GCC_541\Debug\serial.o .\CortexM3\ARM_GCC_541\Debug\report.o .\CortexM3\ARM_GCC_541\Debug\settings.o .\CortexM3\ARM_GCC_541\Debug\eeprom.o .\CortexM3\ARM_GCC_541\Debug\coolant_control.o .\CortexM3\ARM_GCC_541\Debug\gcode.o .\CortexM3\ARM_GCC_541\Debug\limits.o .\CortexM3\ARM_GCC_541\Debug\nut_bolts.o .\CortexM3\ARM_GCC_541\Debug\planner.o .\CortexM3\ARM_GCC_541\Debug\print.o .\CortexM3\ARM_GCC_541\Debug\probe.o .\CortexM3\ARM_GCC_541\Debug\protocol.o .\CortexM3\ARM_GCC_541\Debug\spindle_control.o .\CortexM3\ARM_GCC_541\Debug\stepper.o .\CortexM3\ARM_GCC_541\Debug\system.o .\CortexM3\ARM_GCC_541\Debug\motion_control.o .\CortexM3\ARM_GCC_541\Debug\jog.o .\CortexM3\ARM_GCC_541\Debug\servo.o .\CortexM3\ARM_GCC_541\Debug\cyfitter_cfg.o .\CortexM3\ARM_GCC_541\Debug\cymetadata.o .\CortexM3\ARM_GCC_541\Debug\Cm3Start.o .\CortexM3\ARM_GCC_541\Debug\PSoC_Grbl.a "C:\Program Files (x86)\Cypress\PSoC Creator\4.2\PSoC Creator\psoc\content\cycomponentlibrary\CyComponentLibrary.cylib\CortexM3\ARM_GCC_541\Debug\CyComponentLibrary.a" -mcpu=cortex-m3 -mthumb -l m -L Generated_Source\PSoC5 -Wl,-Map,.\CortexM3\ARM_GCC_541\Debug/PSoC_Grbl.map -T Generated_Source\PSoC5\cm3gcc.ld -specs=nano.specs -u _printf_float -Wl,--gc-sections -g -ffunction-sections -Og -ffat-lto-objects -Wl,--end-group
cyelftool.exe -C C:\Users\barto\Dropbox\PSoC\PSoc_Grbl_2018\PSoC_Grbl.cydsn\CortexM3\ARM_GCC_541\Debug\PSoC_Grbl.elf --flash_row_size 256 --flash_size 262144 --flash_offset 0x00000000
No ELF section .cychecksum found, creating one
Application checksum calculated and stored in ELF section .cychecksum
Checksum calculated and stored in ELF section .cymeta
cyelftool.exe -S C:\Users\barto\Dropbox\PSoC\PSoc_Grbl_2018\PSoC_Grbl.cydsn\CortexM3\ARM_GCC_541\Debug\PSoC_Grbl.elf
Flash used: 52794 of 262144 bytes (20.1%).
SRAM used: 6153 of 65536 bytes (9.4%). Stack: 2048 bytes. Heap: 512 bytes.
--------------- Build Succeeded: 04/24/2018 09:16:55 ---------------
